app/build/intermediates/manifest_merge_blame_file/debug/manifest-merger-blame-debug-report.txt
1<?xml version="1.0" encoding="utf-8"?>
2<manifest xmlns:android="http://schemas.android.com/apk/res/android"
3    package="com.vanpra.materialmusic"
4    android:versionCode="1"
5    android:versionName="1.0" >
6
7    <uses-sdk
8        android:minSdkVersion="25"
8-->src/main/AndroidManifest.xml
9        android:targetSdkVersion="29" />
9-->src/main/AndroidManifest.xml
10
11    <uses-permission android:name="android.permission.READ_EXTERNAL_STORAGE" />
11-->src/main/AndroidManifest.xml:5:5-80
11-->src/main/AndroidManifest.xml:5:22-77
12    <uses-permission android:name="android.permission.WRITE_EXTERNAL_STORAGE" />
12-->src/main/AndroidManifest.xml:6:5-81
12-->src/main/AndroidManifest.xml:6:22-78
13
14    <application
14-->src/main/AndroidManifest.xml:8:5-23:19
15        android:allowBackup="true"
15-->src/main/AndroidManifest.xml:9:9-35
16        android:appComponentFactory="androidx.core.app.CoreComponentFactory"
16-->[androidx.core:core:1.1.0-rc01] AndroidManifest.xml:24:18-86
17        android:debuggable="true"
18        android:extractNativeLibs="false"
19        android:icon="@mipmap/ic_launcher"
19-->src/main/AndroidManifest.xml:10:9-43
20        android:label="@string/app_name"
20-->src/main/AndroidManifest.xml:11:9-41
21        android:roundIcon="@mipmap/ic_launcher_round"
21-->src/main/AndroidManifest.xml:12:9-54
22        android:supportsRtl="true"
22-->src/main/AndroidManifest.xml:13:9-35
23        android:testOnly="true"
24        android:theme="@style/AppTheme" >
24-->src/main/AndroidManifest.xml:14:9-40
25        <activity android:name="com.vanpra.materialbarexample.SearchActivity" />
25-->src/main/AndroidManifest.xml:15:9-90
25-->src/main/AndroidManifest.xml:15:19-78
26        <activity android:name="com.vanpra.materialbarexample.MainActivity" >
26-->src/main/AndroidManifest.xml:16:9-22:20
26-->src/main/AndroidManifest.xml:16:19-76
27            <intent-filter>
27-->src/main/AndroidManifest.xml:17:13-21:29
28                <action android:name="android.intent.action.MAIN" />
28-->src/main/AndroidManifest.xml:18:17-69
28-->src/main/AndroidManifest.xml:18:25-66
29
30                <category android:name="android.intent.category.LAUNCHER" />
30-->src/main/AndroidManifest.xml:20:17-77
30-->src/main/AndroidManifest.xml:20:27-74
31            </intent-filter>
32        </activity>
33        <activity
33-->[:materialbar] AndroidManifest.xml:12:9-14:58
34            android:name="com.vanpra.materialbar.ui.SearchActivity"
34-->[:materialbar] AndroidManifest.xml:13:13-68
35            android:windowSoftInputMode="stateVisible" />
35-->[:materialbar] AndroidManifest.xml:14:13-55
36
37        <provider
37-->[io.coil-kt:coil:0.6.1] AndroidManifest.xml:10:9-13:40
38            android:name="coil.util.CoilContentProvider"
38-->[io.coil-kt:coil:0.6.1] AndroidManifest.xml:11:13-57
39            android:authorities="com.vanpra.materialmusic.coil"
39-->[io.coil-kt:coil:0.6.1] AndroidManifest.xml:12:13-56
40            android:exported="false" />
40-->[io.coil-kt:coil:0.6.1] AndroidManifest.xml:13:13-37
41
42        <service
42-->[androidx.room:room-runtime:2.1.0] AndroidManifest.xml:25:9-27:40
43            android:name="androidx.room.MultiInstanceInvalidationService"
43-->[androidx.room:room-runtime:2.1.0] AndroidManifest.xml:26:13-74
44            android:exported="false" />
44-->[androidx.room:room-runtime:2.1.0] AndroidManifest.xml:27:13-37
45
46        <provider
46-->[androidx.lifecycle:lifecycle-process:2.0.0] AndroidManifest.xml:23:9-27:43
47            android:name="androidx.lifecycle.ProcessLifecycleOwnerInitializer"
47-->[androidx.lifecycle:lifecycle-process:2.0.0] AndroidManifest.xml:24:13-79
48            android:authorities="com.vanpra.materialmusic.lifecycle-process"
48-->[androidx.lifecycle:lifecycle-process:2.0.0] AndroidManifest.xml:25:13-69
49            android:exported="false"
49-->[androidx.lifecycle:lifecycle-process:2.0.0] AndroidManifest.xml:26:13-37
50            android:multiprocess="true" />
50-->[androidx.lifecycle:lifecycle-process:2.0.0] AndroidManifest.xml:27:13-40
51    </application>
52
53</manifest>